<?xml version="1.0" encoding="UTF-8"?>
<!-- Generated by org.testng.reporters.JUnitReportReporter -->
<testsuite hostname="DESKTOP-Q02RRK1" failures="0" tests="1" name="com.GOL.tests.GOL_newgame" time="10.608" errors="0" timestamp="2020-04-08T18:21:25 IST" skipped="0">
  <testcase classname="com.GOL.tests.GOL_newgame" name="Game1" time="10.608"/>
</testsuite> <!-- com.GOL.tests.GOL_newgame -->
